# JRE version: OpenJDK Runtime Environment Temurin-17.0.7+7 (17.0.7+7) (build 17.0.7+7)
# Java VM: OpenJDK 64-Bit Server VM Temurin-17.0.7+7 (17.0.7+7, mixed mode, emulated-client, tiered, compressed oops, compressed class ptrs, g1 gc, windows-amd64)
GC Precious Log:
 CPUs: 8 total, 8 available
 Memory: 7863M
 Large Page Support: Disabled
 NUMA Support: Disabled
 Compressed Oops: Enabled (32-bit)
 Heap Region Size: 1M
 Heap Min Capacity: 8M
 Heap Initial Capacity: 124M
 Heap Max Capacity: 1G
 Pre-touch: Disabled
 Parallel Workers: 8
 Concurrent Workers: 2
 Concurrent Refinement Workers: 8
 Periodic GC: Disabled
Heap:
 garbage-first heap   total 194560K, used 57485K [0x00000000c0000000, 0x0000000100000000)
  region size 1024K, 1 young (1024K), 0 survivors (0K)
 Metaspace       used 69624K, committed 70208K, reserved 1114112K
  class space    used 9192K, committed 9472K, reserved 1048576K
GC Heap History (20 events):
Event: 3429.017 GC heap before
{Heap before GC invocations=336 (full 250):
 garbage-first heap   total 194560K, used 57485K [0x00000000c0000000, 0x0000000100000000)
  region size 1024K, 1 young (1024K), 0 survivors (0K)
 Metaspace       used 69624K, committed 70208K, reserved 1114112K
  class space    used 9192K, committed 9472K, reserved 1048576K
}
Event: 3429.047 GC heap after
{Heap after GC invocations=337 (full 251):
 garbage-first heap   total 194560K, used 57485K [0x00000000c0000000, 0x0000000100000000)
  region size 1024K, 0 young (0K), 0 survivors (0K)
 Metaspace       used 69624K, committed 70208K, reserved 1114112K
  class space    used 9192K, committed 9472K, reserved 1048576K
}
Event: 3439.277 GC heap before
{Heap before GC invocations=337 (full 251):
 garbage-first heap   total 194560K, used 57485K [0x00000000c0000000, 0x0000000100000000)
  region size 1024K, 1 young (1024K), 0 survivors (0K)
 Metaspace       used 69624K, committed 70208K, reserved 1114112K
  class space    used 9192K, committed 9472K, reserved 1048576K
}
Event: 3439.308 GC heap after
{Heap after GC invocations=338 (full 252):
 garbage-first heap   total 194560K, used 57485K [0x00000000c0000000, 0x0000000100000000)
  region size 1024K, 0 young (0K), 0 survivors (0K)
 Metaspace       used 69624K, committed 70208K, reserved 1114112K
  class space    used 9192K, committed 9472K, reserved 1048576K
}
Event: 3449.600 GC heap before
{Heap before GC invocations=338 (full 252):
 garbage-first heap   total 194560K, used 57485K [0x00000000c0000000, 0x0000000100000000)
  region size 1024K, 1 young (1024K), 0 survivors (0K)
 Metaspace       used 69624K, committed 70208K, reserved 1114112K
  class space    used 9192K, committed 9472K, reserved 1048576K
}
Event: 3449.632 GC heap after
{Heap after GC invocations=339 (full 253):
 garbage-first heap   total 194560K, used 57485K [0x00000000c0000000, 0x0000000100000000)
  region size 1024K, 0 young (0K), 0 survivors (0K)
 Metaspace       used 69624K, committed 70208K, reserved 1114112K
  class space    used 9192K, committed 9472K, reserved 1048576K
}
Event: 3459.919 GC heap before
{Heap before GC invocations=339 (full 253):
 garbage-first heap   total 194560K, used 57485K [0x00000000c0000000, 0x0000000100000000)
  region size 1024K, 1 young (1024K), 0 survivors (0K)
 Metaspace       used 69624K, committed 70208K, reserved 1114112K
  class space    used 9192K, committed 9472K, reserved 1048576K
}
Event: 3459.950 GC heap after
{Heap after GC invocations=340 (full 254):
 garbage-first heap   total 194560K, used 57485K [0x00000000c0000000, 0x0000000100000000)
  region size 1024K, 0 young (0K), 0 survivors (0K)
 Metaspace       used 69624K, committed 70208K, reserved 1114112K
  class space    used 9192K, committed 9472K, reserved 1048576K
}
Event: 3470.322 GC heap before
{Heap before GC invocations=340 (full 254):
 garbage-first heap   total 194560K, used 57485K [0x00000000c0000000, 0x0000000100000000)
  region size 1024K, 1 young (1024K), 0 survivors (0K)
 Metaspace       used 69624K, committed 70208K, reserved 1114112K
  class space    used 9192K, committed 9472K, reserved 1048576K
}
Event: 3470.365 GC heap after
{Heap after GC invocations=341 (full 255):
 garbage-first heap   total 194560K, used 57485K [0x00000000c0000000, 0x0000000100000000)
  region size 1024K, 0 young (0K), 0 survivors (0K)
 Metaspace       used 69624K, committed 70208K, reserved 1114112K
  class space    used 9192K, committed 9472K, reserved 1048576K
}
Event: 3480.606 GC heap before
{Heap before GC invocations=341 (full 255):
 garbage-first heap   total 194560K, used 57485K [0x00000000c0000000, 0x0000000100000000)
  region size 1024K, 1 young (1024K), 0 survivors (0K)
 Metaspace       used 69624K, committed 70208K, reserved 1114112K
  class space    used 9192K, committed 9472K, reserved 1048576K
}
Event: 3480.641 GC heap after
{Heap after GC invocations=342 (full 256):
 garbage-first heap   total 194560K, used 57485K [0x00000000c0000000, 0x0000000100000000)
  region size 1024K, 0 young (0K), 0 survivors (0K)
 Metaspace       used 69624K, committed 70208K, reserved 1114112K
  class space    used 9192K, committed 9472K, reserved 1048576K
}
Event: 3490.929 GC heap before
{Heap before GC invocations=342 (full 256):
 garbage-first heap   total 194560K, used 57485K [0x00000000c0000000, 0x0000000100000000)
  region size 1024K, 1 young (1024K), 0 survivors (0K)
 Metaspace       used 69624K, committed 70208K, reserved 1114112K
  class space    used 9192K, committed 9472K, reserved 1048576K
}
Event: 3490.962 GC heap after
{Heap after GC invocations=343 (full 257):
 garbage-first heap   total 194560K, used 57485K [0x00000000c0000000, 0x0000000100000000)
  region size 1024K, 0 young (0K), 0 survivors (0K)
 Metaspace       used 69624K, committed 70208K, reserved 1114112K
  class space    used 9192K, committed 9472K, reserved 1048576K
}
Event: 3501.204 GC heap before
{Heap before GC invocations=343 (full 257):
 garbage-first heap   total 194560K, used 57485K [0x00000000c0000000, 0x0000000100000000)
  region size 1024K, 1 young (1024K), 0 survivors (0K)
 Metaspace       used 69624K, committed 70208K, reserved 1114112K
  class space    used 9192K, committed 9472K, reserved 1048576K
}
Event: 3501.238 GC heap after
{Heap after GC invocations=344 (full 258):
 garbage-first heap   total 194560K, used 57485K [0x00000000c0000000, 0x0000000100000000)
  region size 1024K, 0 young (0K), 0 survivors (0K)
 Metaspace       used 69624K, committed 70208K, reserved 1114112K
  class space    used 9192K, committed 9472K, reserved 1048576K
}
Event: 5266.198 GC heap before
{Heap before GC invocations=344 (full 258):
 garbage-first heap   total 194560K, used 57485K [0x00000000c0000000, 0x0000000100000000)
  region size 1024K, 1 young (1024K), 0 survivors (0K)
 Metaspace       used 69624K, committed 70208K, reserved 1114112K
  class space    used 9192K, committed 9472K, reserved 1048576K
}
Event: 5267.085 GC heap after
{Heap after GC invocations=345 (full 259):
 garbage-first heap   total 194560K, used 57485K [0x00000000c0000000, 0x0000000100000000)
  region size 1024K, 0 young (0K), 0 survivors (0K)
 Metaspace       used 69624K, committed 70208K, reserved 1114112K
  class space    used 9192K, committed 9472K, reserved 1048576K
}
Event: 5277.913 GC heap before
{Heap before GC invocations=345 (full 259):
 garbage-first heap   total 194560K, used 57485K [0x00000000c0000000, 0x0000000100000000)
  region size 1024K, 1 young (1024K), 0 survivors (0K)
 Metaspace       used 69624K, committed 70208K, reserved 1114112K
  class space    used 9192K, committed 9472K, reserved 1048576K
}
Event: 5278.103 GC heap after
{Heap after GC invocations=346 (full 260):
 garbage-first heap   total 194560K, used 57485K [0x00000000c0000000, 0x0000000100000000)
  region size 1024K, 0 young (0K), 0 survivors (0K)
 Metaspace       used 69624K, committed 70208K, reserved 1114112K
  class space    used 9192K, committed 9472K, reserved 1048576K
}

