# JRE version: OpenJDK Runtime Environment Temurin-17.0.7+7 (17.0.7+7) (build 17.0.7+7)
# Java VM: OpenJDK 64-Bit Server VM Temurin-17.0.7+7 (17.0.7+7, mixed mode, emulated-client, tiered, compressed oops, compressed class ptrs, g1 gc, windows-amd64)
GC Precious Log:
 CPUs: 8 total, 8 available
 Memory: 7863M
 Large Page Support: Disabled
 NUMA Support: Disabled
 Compressed Oops: Enabled (32-bit)
 Heap Region Size: 1M
 Heap Min Capacity: 8M
 Heap Initial Capacity: 124M
 Heap Max Capacity: 1G
 Pre-touch: Disabled
 Parallel Workers: 8
 Concurrent Workers: 2
 Concurrent Refinement Workers: 8
 Periodic GC: Disabled
Heap:
 garbage-first heap   total 167936K, used 49490K [0x00000000c0000000, 0x0000000100000000)
  region size 1024K, 1 young (1024K), 0 survivors (0K)
 Metaspace       used 68995K, committed 69760K, reserved 1114112K
  class space    used 9010K, committed 9280K, reserved 1048576K
GC Heap History (20 events):
Event: 6417.495 GC heap before
{Heap before GC invocations=398 (full 338):
 garbage-first heap   total 167936K, used 49490K [0x00000000c0000000, 0x0000000100000000)
  region size 1024K, 1 young (1024K), 0 survivors (0K)
 Metaspace       used 68995K, committed 69760K, reserved 1114112K
  class space    used 9010K, committed 9280K, reserved 1048576K
}
Event: 6417.536 GC heap after
{Heap after GC invocations=399 (full 339):
 garbage-first heap   total 167936K, used 49490K [0x00000000c0000000, 0x0000000100000000)
  region size 1024K, 0 young (0K), 0 survivors (0K)
 Metaspace       used 68995K, committed 69760K, reserved 1114112K
  class space    used 9010K, committed 9280K, reserved 1048576K
}
Event: 6427.798 GC heap before
{Heap before GC invocations=399 (full 339):
 garbage-first heap   total 167936K, used 49490K [0x00000000c0000000, 0x0000000100000000)
  region size 1024K, 1 young (1024K), 0 survivors (0K)
 Metaspace       used 68995K, committed 69760K, reserved 1114112K
  class space    used 9010K, committed 9280K, reserved 1048576K
}
Event: 6427.844 GC heap after
{Heap after GC invocations=400 (full 340):
 garbage-first heap   total 167936K, used 49490K [0x00000000c0000000, 0x0000000100000000)
  region size 1024K, 0 young (0K), 0 survivors (0K)
 Metaspace       used 68995K, committed 69760K, reserved 1114112K
  class space    used 9010K, committed 9280K, reserved 1048576K
}
Event: 6438.126 GC heap before
{Heap before GC invocations=400 (full 340):
 garbage-first heap   total 167936K, used 49490K [0x00000000c0000000, 0x0000000100000000)
  region size 1024K, 1 young (1024K), 0 survivors (0K)
 Metaspace       used 68995K, committed 69760K, reserved 1114112K
  class space    used 9010K, committed 9280K, reserved 1048576K
}
Event: 6438.162 GC heap after
{Heap after GC invocations=401 (full 341):
 garbage-first heap   total 167936K, used 49490K [0x00000000c0000000, 0x0000000100000000)
  region size 1024K, 0 young (0K), 0 survivors (0K)
 Metaspace       used 68995K, committed 69760K, reserved 1114112K
  class space    used 9010K, committed 9280K, reserved 1048576K
}
Event: 6448.471 GC heap before
{Heap before GC invocations=401 (full 341):
 garbage-first heap   total 167936K, used 49490K [0x00000000c0000000, 0x0000000100000000)
  region size 1024K, 1 young (1024K), 0 survivors (0K)
 Metaspace       used 68995K, committed 69760K, reserved 1114112K
  class space    used 9010K, committed 9280K, reserved 1048576K
}
Event: 6448.518 GC heap after
{Heap after GC invocations=402 (full 342):
 garbage-first heap   total 167936K, used 49490K [0x00000000c0000000, 0x0000000100000000)
  region size 1024K, 0 young (0K), 0 survivors (0K)
 Metaspace       used 68995K, committed 69760K, reserved 1114112K
  class space    used 9010K, committed 9280K, reserved 1048576K
}
Event: 6458.990 GC heap before
{Heap before GC invocations=402 (full 342):
 garbage-first heap   total 167936K, used 49490K [0x00000000c0000000, 0x0000000100000000)
  region size 1024K, 1 young (1024K), 0 survivors (0K)
 Metaspace       used 68995K, committed 69760K, reserved 1114112K
  class space    used 9010K, committed 9280K, reserved 1048576K
}
Event: 6459.065 GC heap after
{Heap after GC invocations=403 (full 343):
 garbage-first heap   total 167936K, used 49490K [0x00000000c0000000, 0x0000000100000000)
  region size 1024K, 0 young (0K), 0 survivors (0K)
 Metaspace       used 68995K, committed 69760K, reserved 1114112K
  class space    used 9010K, committed 9280K, reserved 1048576K
}
Event: 6469.420 GC heap before
{Heap before GC invocations=403 (full 343):
 garbage-first heap   total 167936K, used 49490K [0x00000000c0000000, 0x0000000100000000)
  region size 1024K, 1 young (1024K), 0 survivors (0K)
 Metaspace       used 68995K, committed 69760K, reserved 1114112K
  class space    used 9010K, committed 9280K, reserved 1048576K
}
Event: 6469.483 GC heap after
{Heap after GC invocations=404 (full 344):
 garbage-first heap   total 167936K, used 49490K [0x00000000c0000000, 0x0000000100000000)
  region size 1024K, 0 young (0K), 0 survivors (0K)
 Metaspace       used 68995K, committed 69760K, reserved 1114112K
  class space    used 9010K, committed 9280K, reserved 1048576K
}
Event: 6479.803 GC heap before
{Heap before GC invocations=404 (full 344):
 garbage-first heap   total 167936K, used 49490K [0x00000000c0000000, 0x0000000100000000)
  region size 1024K, 1 young (1024K), 0 survivors (0K)
 Metaspace       used 68995K, committed 69760K, reserved 1114112K
  class space    used 9010K, committed 9280K, reserved 1048576K
}
Event: 6479.849 GC heap after
{Heap after GC invocations=405 (full 345):
 garbage-first heap   total 167936K, used 49490K [0x00000000c0000000, 0x0000000100000000)
  region size 1024K, 0 young (0K), 0 survivors (0K)
 Metaspace       used 68995K, committed 69760K, reserved 1114112K
  class space    used 9010K, committed 9280K, reserved 1048576K
}
Event: 6490.152 GC heap before
{Heap before GC invocations=405 (full 345):
 garbage-first heap   total 167936K, used 49490K [0x00000000c0000000, 0x0000000100000000)
  region size 1024K, 1 young (1024K), 0 survivors (0K)
 Metaspace       used 68995K, committed 69760K, reserved 1114112K
  class space    used 9010K, committed 9280K, reserved 1048576K
}
Event: 6490.196 GC heap after
{Heap after GC invocations=406 (full 346):
 garbage-first heap   total 167936K, used 49490K [0x00000000c0000000, 0x0000000100000000)
  region size 1024K, 0 young (0K), 0 survivors (0K)
 Metaspace       used 68995K, committed 69760K, reserved 1114112K
  class space    used 9010K, committed 9280K, reserved 1048576K
}
Event: 6500.468 GC heap before
{Heap before GC invocations=406 (full 346):
 garbage-first heap   total 167936K, used 49490K [0x00000000c0000000, 0x0000000100000000)
  region size 1024K, 1 young (1024K), 0 survivors (0K)
 Metaspace       used 68995K, committed 69760K, reserved 1114112K
  class space    used 9010K, committed 9280K, reserved 1048576K
}
Event: 6500.501 GC heap after
{Heap after GC invocations=407 (full 347):
 garbage-first heap   total 167936K, used 49490K [0x00000000c0000000, 0x0000000100000000)
  region size 1024K, 0 young (0K), 0 survivors (0K)
 Metaspace       used 68995K, committed 69760K, reserved 1114112K
  class space    used 9010K, committed 9280K, reserved 1048576K
}
Event: 6510.747 GC heap before
{Heap before GC invocations=407 (full 347):
 garbage-first heap   total 167936K, used 49490K [0x00000000c0000000, 0x0000000100000000)
  region size 1024K, 1 young (1024K), 0 survivors (0K)
 Metaspace       used 68995K, committed 69760K, reserved 1114112K
  class space    used 9010K, committed 9280K, reserved 1048576K
}
Event: 6510.784 GC heap after
{Heap after GC invocations=408 (full 348):
 garbage-first heap   total 167936K, used 49490K [0x00000000c0000000, 0x0000000100000000)
  region size 1024K, 0 young (0K), 0 survivors (0K)
 Metaspace       used 68995K, committed 69760K, reserved 1114112K
  class space    used 9010K, committed 9280K, reserved 1048576K
}

