# JRE version: OpenJDK Runtime Environment Temurin-17.0.7+7 (17.0.7+7) (build 17.0.7+7)
# Java VM: OpenJDK 64-Bit Server VM Temurin-17.0.7+7 (17.0.7+7, mixed mode, emulated-client, tiered, compressed oops, compressed class ptrs, g1 gc, windows-amd64)
GC Precious Log:
 CPUs: 8 total, 8 available
 Memory: 7863M
 Large Page Support: Disabled
 NUMA Support: Disabled
 Compressed Oops: Enabled (32-bit)
 Heap Region Size: 1M
 Heap Min Capacity: 8M
 Heap Initial Capacity: 124M
 Heap Max Capacity: 1G
 Pre-touch: Disabled
 Parallel Workers: 8
 Concurrent Workers: 2
 Concurrent Refinement Workers: 8
 Periodic GC: Disabled
Heap:
 garbage-first heap   total 517120K, used 404270K [0x00000000c0000000, 0x0000000100000000)
  region size 1024K, 118 young (120832K), 12 survivors (12288K)
 Metaspace       used 44647K, committed 45056K, reserved 1114112K
  class space    used 5511K, committed 5696K, reserved 1048576K
GC Heap History (20 events):
Event: 6.550 GC heap before
{Heap before GC invocations=27 (full 0):
 garbage-first heap   total 351232K, used 289667K [0x00000000c0000000, 0x0000000100000000)
  region size 1024K, 186 young (190464K), 15 survivors (15360K)
 Metaspace       used 44546K, committed 44992K, reserved 1114112K
  class space    used 5502K, committed 5696K, reserved 1048576K
}
Event: 6.557 GC heap after
{Heap after GC invocations=28 (full 0):
 garbage-first heap   total 351232K, used 122221K [0x00000000c0000000, 0x0000000100000000)
  region size 1024K, 14 young (14336K), 14 survivors (14336K)
 Metaspace       used 44546K, committed 44992K, reserved 1114112K
  class space    used 5502K, committed 5696K, reserved 1048576K
}
Event: 6.711 GC heap before
{Heap before GC invocations=29 (full 0):
 garbage-first heap   total 351232K, used 292205K [0x00000000c0000000, 0x0000000100000000)
  region size 1024K, 181 young (185344K), 14 survivors (14336K)
 Metaspace       used 44546K, committed 44992K, reserved 1114112K
  class space    used 5502K, committed 5696K, reserved 1048576K
}
Event: 6.718 GC heap after
{Heap after GC invocations=30 (full 0):
 garbage-first heap   total 351232K, used 129923K [0x00000000c0000000, 0x0000000100000000)
  region size 1024K, 14 young (14336K), 14 survivors (14336K)
 Metaspace       used 44546K, committed 44992K, reserved 1114112K
  class space    used 5502K, committed 5696K, reserved 1048576K
}
Event: 6.719 GC heap before
{Heap before GC invocations=30 (full 0):
 garbage-first heap   total 351232K, used 131971K [0x00000000c0000000, 0x0000000100000000)
  region size 1024K, 17 young (17408K), 14 survivors (14336K)
 Metaspace       used 44546K, committed 44992K, reserved 1114112K
  class space    used 5502K, committed 5696K, reserved 1048576K
}
Event: 6.726 GC heap after
{Heap after GC invocations=31 (full 0):
 garbage-first heap   total 517120K, used 129283K [0x00000000c0000000, 0x0000000100000000)
  region size 1024K, 2 young (2048K), 2 survivors (2048K)
 Metaspace       used 44546K, committed 44992K, reserved 1114112K
  class space    used 5502K, committed 5696K, reserved 1048576K
}
Event: 7.063 GC heap before
{Heap before GC invocations=31 (full 0):
 garbage-first heap   total 517120K, used 429315K [0x00000000c0000000, 0x0000000100000000)
  region size 1024K, 296 young (303104K), 2 survivors (2048K)
 Metaspace       used 44546K, committed 44992K, reserved 1114112K
  class space    used 5502K, committed 5696K, reserved 1048576K
}
Event: 7.069 GC heap after
{Heap after GC invocations=32 (full 0):
 garbage-first heap   total 517120K, used 145142K [0x00000000c0000000, 0x0000000100000000)
  region size 1024K, 18 young (18432K), 18 survivors (18432K)
 Metaspace       used 44546K, committed 44992K, reserved 1114112K
  class space    used 5502K, committed 5696K, reserved 1048576K
}
Event: 8.568 GC heap before
{Heap before GC invocations=32 (full 0):
 garbage-first heap   total 517120K, used 422646K [0x00000000c0000000, 0x0000000100000000)
  region size 1024K, 288 young (294912K), 18 survivors (18432K)
 Metaspace       used 44647K, committed 45056K, reserved 1114112K
  class space    used 5511K, committed 5696K, reserved 1048576K
}
Event: 8.579 GC heap after
{Heap after GC invocations=33 (full 0):
 garbage-first heap   total 517120K, used 164099K [0x00000000c0000000, 0x0000000100000000)
  region size 1024K, 34 young (34816K), 34 survivors (34816K)
 Metaspace       used 44647K, committed 45056K, reserved 1114112K
  class space    used 5511K, committed 5696K, reserved 1048576K
}
Event: 8.857 GC heap before
{Heap before GC invocations=33 (full 0):
 garbage-first heap   total 517120K, used 424195K [0x00000000c0000000, 0x0000000100000000)
  region size 1024K, 288 young (294912K), 34 survivors (34816K)
 Metaspace       used 44647K, committed 45056K, reserved 1114112K
  class space    used 5511K, committed 5696K, reserved 1048576K
}
Event: 8.872 GC heap after
{Heap after GC invocations=34 (full 0):
 garbage-first heap   total 517120K, used 177640K [0x00000000c0000000, 0x0000000100000000)
  region size 1024K, 30 young (30720K), 30 survivors (30720K)
 Metaspace       used 44647K, committed 45056K, reserved 1114112K
  class space    used 5511K, committed 5696K, reserved 1048576K
}
Event: 9.205 GC heap before
{Heap before GC invocations=34 (full 0):
 garbage-first heap   total 517120K, used 426472K [0x00000000c0000000, 0x0000000100000000)
  region size 1024K, 274 young (280576K), 30 survivors (30720K)
 Metaspace       used 44647K, committed 45056K, reserved 1114112K
  class space    used 5511K, committed 5696K, reserved 1048576K
}
Event: 9.224 GC heap after
{Heap after GC invocations=35 (full 0):
 garbage-first heap   total 517120K, used 191244K [0x00000000c0000000, 0x0000000100000000)
  region size 1024K, 27 young (27648K), 27 survivors (27648K)
 Metaspace       used 44647K, committed 45056K, reserved 1114112K
  class space    used 5511K, committed 5696K, reserved 1048576K
}
Event: 9.478 GC heap before
{Heap before GC invocations=35 (full 0):
 garbage-first heap   total 517120K, used 428812K [0x00000000c0000000, 0x0000000100000000)
  region size 1024K, 260 young (266240K), 27 survivors (27648K)
 Metaspace       used 44647K, committed 45056K, reserved 1114112K
  class space    used 5511K, committed 5696K, reserved 1048576K
}
Event: 9.491 GC heap after
{Heap after GC invocations=36 (full 0):
 garbage-first heap   total 517120K, used 201783K [0x00000000c0000000, 0x0000000100000000)
  region size 1024K, 25 young (25600K), 25 survivors (25600K)
 Metaspace       used 44647K, committed 45056K, reserved 1114112K
  class space    used 5511K, committed 5696K, reserved 1048576K
}
Event: 9.507 GC heap before
{Heap before GC invocations=36 (full 0):
 garbage-first heap   total 517120K, used 252983K [0x00000000c0000000, 0x0000000100000000)
  region size 1024K, 55 young (56320K), 25 survivors (25600K)
 Metaspace       used 44647K, committed 45056K, reserved 1114112K
  class space    used 5511K, committed 5696K, reserved 1048576K
}
Event: 9.515 GC heap after
{Heap after GC invocations=37 (full 0):
 garbage-first heap   total 517120K, used 204590K [0x00000000c0000000, 0x0000000100000000)
  region size 1024K, 12 young (12288K), 12 survivors (12288K)
 Metaspace       used 44647K, committed 45056K, reserved 1114112K
  class space    used 5511K, committed 5696K, reserved 1048576K
}
Event: 9.518 GC heap before
{Heap before GC invocations=37 (full 0):
 garbage-first heap   total 517120K, used 214830K [0x00000000c0000000, 0x0000000100000000)
  region size 1024K, 17 young (17408K), 12 survivors (12288K)
 Metaspace       used 44647K, committed 45056K, reserved 1114112K
  class space    used 5511K, committed 5696K, reserved 1048576K
}
Event: 9.523 GC heap after
{Heap after GC invocations=38 (full 0):
 garbage-first heap   total 517120K, used 204590K [0x00000000c0000000, 0x0000000100000000)
  region size 1024K, 12 young (12288K), 12 survivors (12288K)
 Metaspace       used 44647K, committed 45056K, reserved 1114112K
  class space    used 5511K, committed 5696K, reserved 1048576K
}

