# JRE version: OpenJDK Runtime Environment Temurin-17.0.7+7 (17.0.7+7) (build 17.0.7+7)
# Java VM: OpenJDK 64-Bit Server VM Temurin-17.0.7+7 (17.0.7+7, mixed mode, emulated-client, tiered, compressed oops, compressed class ptrs, g1 gc, windows-amd64)
GC Precious Log:
 CPUs: 8 total, 8 available
 Memory: 7863M
 Large Page Support: Disabled
 NUMA Support: Disabled
 Compressed Oops: Enabled (32-bit)
 Heap Region Size: 1M
 Heap Min Capacity: 8M
 Heap Initial Capacity: 124M
 Heap Max Capacity: 1G
 Pre-touch: Disabled
 Parallel Workers: 8
 Concurrent Workers: 2
 Concurrent Refinement Workers: 8
 Periodic GC: Disabled
Heap:
 garbage-first heap   total 191488K, used 56807K [0x00000000c0000000, 0x0000000100000000)
  region size 1024K, 1 young (1024K), 0 survivors (0K)
 Metaspace       used 68285K, committed 68992K, reserved 1114112K
  class space    used 8936K, committed 9216K, reserved 1048576K
GC Heap History (20 events):
Event: 28973.090 GC heap before
{Heap before GC invocations=1334 (full 1269):
 garbage-first heap   total 191488K, used 56807K [0x00000000c0000000, 0x0000000100000000)
  region size 1024K, 1 young (1024K), 0 survivors (0K)
 Metaspace       used 68285K, committed 68992K, reserved 1114112K
  class space    used 8936K, committed 9216K, reserved 1048576K
}
Event: 28973.160 GC heap after
{Heap after GC invocations=1335 (full 1270):
 garbage-first heap   total 191488K, used 56807K [0x00000000c0000000, 0x0000000100000000)
  region size 1024K, 0 young (0K), 0 survivors (0K)
 Metaspace       used 68285K, committed 68992K, reserved 1114112K
  class space    used 8936K, committed 9216K, reserved 1048576K
}
Event: 28983.549 GC heap before
{Heap before GC invocations=1335 (full 1270):
 garbage-first heap   total 191488K, used 56807K [0x00000000c0000000, 0x0000000100000000)
  region size 1024K, 1 young (1024K), 0 survivors (0K)
 Metaspace       used 68285K, committed 68992K, reserved 1114112K
  class space    used 8936K, committed 9216K, reserved 1048576K
}
Event: 28983.644 GC heap after
{Heap after GC invocations=1336 (full 1271):
 garbage-first heap   total 191488K, used 56807K [0x00000000c0000000, 0x0000000100000000)
  region size 1024K, 0 young (0K), 0 survivors (0K)
 Metaspace       used 68285K, committed 68992K, reserved 1114112K
  class space    used 8936K, committed 9216K, reserved 1048576K
}
Event: 28994.040 GC heap before
{Heap before GC invocations=1336 (full 1271):
 garbage-first heap   total 191488K, used 56807K [0x00000000c0000000, 0x0000000100000000)
  region size 1024K, 1 young (1024K), 0 survivors (0K)
 Metaspace       used 68285K, committed 68992K, reserved 1114112K
  class space    used 8936K, committed 9216K, reserved 1048576K
}
Event: 28994.103 GC heap after
{Heap after GC invocations=1337 (full 1272):
 garbage-first heap   total 191488K, used 56807K [0x00000000c0000000, 0x0000000100000000)
  region size 1024K, 0 young (0K), 0 survivors (0K)
 Metaspace       used 68285K, committed 68992K, reserved 1114112K
  class space    used 8936K, committed 9216K, reserved 1048576K
}
Event: 29004.453 GC heap before
{Heap before GC invocations=1337 (full 1272):
 garbage-first heap   total 191488K, used 56807K [0x00000000c0000000, 0x0000000100000000)
  region size 1024K, 1 young (1024K), 0 survivors (0K)
 Metaspace       used 68285K, committed 68992K, reserved 1114112K
  class space    used 8936K, committed 9216K, reserved 1048576K
}
Event: 29004.524 GC heap after
{Heap after GC invocations=1338 (full 1273):
 garbage-first heap   total 191488K, used 56807K [0x00000000c0000000, 0x0000000100000000)
  region size 1024K, 0 young (0K), 0 survivors (0K)
 Metaspace       used 68285K, committed 68992K, reserved 1114112K
  class space    used 8936K, committed 9216K, reserved 1048576K
}
Event: 29014.964 GC heap before
{Heap before GC invocations=1338 (full 1273):
 garbage-first heap   total 191488K, used 56807K [0x00000000c0000000, 0x0000000100000000)
  region size 1024K, 1 young (1024K), 0 survivors (0K)
 Metaspace       used 68285K, committed 68992K, reserved 1114112K
  class space    used 8936K, committed 9216K, reserved 1048576K
}
Event: 29015.012 GC heap after
{Heap after GC invocations=1339 (full 1274):
 garbage-first heap   total 191488K, used 56807K [0x00000000c0000000, 0x0000000100000000)
  region size 1024K, 0 young (0K), 0 survivors (0K)
 Metaspace       used 68285K, committed 68992K, reserved 1114112K
  class space    used 8936K, committed 9216K, reserved 1048576K
}
Event: 29025.554 GC heap before
{Heap before GC invocations=1339 (full 1274):
 garbage-first heap   total 191488K, used 56807K [0x00000000c0000000, 0x0000000100000000)
  region size 1024K, 1 young (1024K), 0 survivors (0K)
 Metaspace       used 68285K, committed 68992K, reserved 1114112K
  class space    used 8936K, committed 9216K, reserved 1048576K
}
Event: 29025.616 GC heap after
{Heap after GC invocations=1340 (full 1275):
 garbage-first heap   total 191488K, used 56807K [0x00000000c0000000, 0x0000000100000000)
  region size 1024K, 0 young (0K), 0 survivors (0K)
 Metaspace       used 68285K, committed 68992K, reserved 1114112K
  class space    used 8936K, committed 9216K, reserved 1048576K
}
Event: 29036.014 GC heap before
{Heap before GC invocations=1340 (full 1275):
 garbage-first heap   total 191488K, used 56807K [0x00000000c0000000, 0x0000000100000000)
  region size 1024K, 1 young (1024K), 0 survivors (0K)
 Metaspace       used 68285K, committed 68992K, reserved 1114112K
  class space    used 8936K, committed 9216K, reserved 1048576K
}
Event: 29036.055 GC heap after
{Heap after GC invocations=1341 (full 1276):
 garbage-first heap   total 191488K, used 56807K [0x00000000c0000000, 0x0000000100000000)
  region size 1024K, 0 young (0K), 0 survivors (0K)
 Metaspace       used 68285K, committed 68992K, reserved 1114112K
  class space    used 8936K, committed 9216K, reserved 1048576K
}
Event: 29046.443 GC heap before
{Heap before GC invocations=1341 (full 1276):
 garbage-first heap   total 191488K, used 56807K [0x00000000c0000000, 0x0000000100000000)
  region size 1024K, 1 young (1024K), 0 survivors (0K)
 Metaspace       used 68285K, committed 68992K, reserved 1114112K
  class space    used 8936K, committed 9216K, reserved 1048576K
}
Event: 29046.526 GC heap after
{Heap after GC invocations=1342 (full 1277):
 garbage-first heap   total 191488K, used 56807K [0x00000000c0000000, 0x0000000100000000)
  region size 1024K, 0 young (0K), 0 survivors (0K)
 Metaspace       used 68285K, committed 68992K, reserved 1114112K
  class space    used 8936K, committed 9216K, reserved 1048576K
}
Event: 29056.995 GC heap before
{Heap before GC invocations=1342 (full 1277):
 garbage-first heap   total 191488K, used 56807K [0x00000000c0000000, 0x0000000100000000)
  region size 1024K, 1 young (1024K), 0 survivors (0K)
 Metaspace       used 68285K, committed 68992K, reserved 1114112K
  class space    used 8936K, committed 9216K, reserved 1048576K
}
Event: 29057.064 GC heap after
{Heap after GC invocations=1343 (full 1278):
 garbage-first heap   total 191488K, used 56807K [0x00000000c0000000, 0x0000000100000000)
  region size 1024K, 0 young (0K), 0 survivors (0K)
 Metaspace       used 68285K, committed 68992K, reserved 1114112K
  class space    used 8936K, committed 9216K, reserved 1048576K
}
Event: 29067.464 GC heap before
{Heap before GC invocations=1343 (full 1278):
 garbage-first heap   total 191488K, used 56807K [0x00000000c0000000, 0x0000000100000000)
  region size 1024K, 1 young (1024K), 0 survivors (0K)
 Metaspace       used 68285K, committed 68992K, reserved 1114112K
  class space    used 8936K, committed 9216K, reserved 1048576K
}
Event: 29067.544 GC heap after
{Heap after GC invocations=1344 (full 1279):
 garbage-first heap   total 191488K, used 56807K [0x00000000c0000000, 0x0000000100000000)
  region size 1024K, 0 young (0K), 0 survivors (0K)
 Metaspace       used 68285K, committed 68992K, reserved 1114112K
  class space    used 8936K, committed 9216K, reserved 1048576K
}

