# JRE version: OpenJDK Runtime Environment Temurin-17.0.7+7 (17.0.7+7) (build 17.0.7+7)
# Java VM: OpenJDK 64-Bit Server VM Temurin-17.0.7+7 (17.0.7+7, mixed mode, emulated-client, tiered, compressed oops, compressed class ptrs, g1 gc, windows-amd64)
GC Precious Log:
 CPUs: 8 total, 8 available
 Memory: 7863M
 Large Page Support: Disabled
 NUMA Support: Disabled
 Compressed Oops: Enabled (32-bit)
 Heap Region Size: 1M
 Heap Min Capacity: 8M
 Heap Initial Capacity: 124M
 Heap Max Capacity: 1G
 Pre-touch: Disabled
 Parallel Workers: 8
 Concurrent Workers: 2
 Concurrent Refinement Workers: 8
 Periodic GC: Disabled
Heap:
 garbage-first heap   total 211968K, used 62464K [0x00000000c0000000, 0x0000000100000000)
  region size 1024K, 1 young (1024K), 0 survivors (0K)
 Metaspace       used 70062K, committed 70592K, reserved 1114112K
  class space    used 9226K, committed 9472K, reserved 1048576K
GC Heap History (20 events):
Event: 433078.781 GC heap before
{Heap before GC invocations=11931 (full 11385):
 garbage-first heap   total 211968K, used 62464K [0x00000000c0000000, 0x0000000100000000)
  region size 1024K, 1 young (1024K), 0 survivors (0K)
 Metaspace       used 70062K, committed 70592K, reserved 1114112K
  class space    used 9226K, committed 9472K, reserved 1048576K
}
Event: 433078.870 GC heap after
{Heap after GC invocations=11932 (full 11386):
 garbage-first heap   total 211968K, used 62464K [0x00000000c0000000, 0x0000000100000000)
  region size 1024K, 0 young (0K), 0 survivors (0K)
 Metaspace       used 70062K, committed 70592K, reserved 1114112K
  class space    used 9226K, committed 9472K, reserved 1048576K
}
Event: 433089.421 GC heap before
{Heap before GC invocations=11932 (full 11386):
 garbage-first heap   total 211968K, used 62464K [0x00000000c0000000, 0x0000000100000000)
  region size 1024K, 1 young (1024K), 0 survivors (0K)
 Metaspace       used 70062K, committed 70592K, reserved 1114112K
  class space    used 9226K, committed 9472K, reserved 1048576K
}
Event: 433089.518 GC heap after
{Heap after GC invocations=11933 (full 11387):
 garbage-first heap   total 211968K, used 62464K [0x00000000c0000000, 0x0000000100000000)
  region size 1024K, 0 young (0K), 0 survivors (0K)
 Metaspace       used 70062K, committed 70592K, reserved 1114112K
  class space    used 9226K, committed 9472K, reserved 1048576K
}
Event: 433099.885 GC heap before
{Heap before GC invocations=11933 (full 11387):
 garbage-first heap   total 211968K, used 62464K [0x00000000c0000000, 0x0000000100000000)
  region size 1024K, 1 young (1024K), 0 survivors (0K)
 Metaspace       used 70062K, committed 70592K, reserved 1114112K
  class space    used 9226K, committed 9472K, reserved 1048576K
}
Event: 433099.970 GC heap after
{Heap after GC invocations=11934 (full 11388):
 garbage-first heap   total 211968K, used 62464K [0x00000000c0000000, 0x0000000100000000)
  region size 1024K, 0 young (0K), 0 survivors (0K)
 Metaspace       used 70062K, committed 70592K, reserved 1114112K
  class space    used 9226K, committed 9472K, reserved 1048576K
}
Event: 433110.392 GC heap before
{Heap before GC invocations=11934 (full 11388):
 garbage-first heap   total 211968K, used 62464K [0x00000000c0000000, 0x0000000100000000)
  region size 1024K, 1 young (1024K), 0 survivors (0K)
 Metaspace       used 70062K, committed 70592K, reserved 1114112K
  class space    used 9226K, committed 9472K, reserved 1048576K
}
Event: 433110.487 GC heap after
{Heap after GC invocations=11935 (full 11389):
 garbage-first heap   total 211968K, used 62464K [0x00000000c0000000, 0x0000000100000000)
  region size 1024K, 0 young (0K), 0 survivors (0K)
 Metaspace       used 70062K, committed 70592K, reserved 1114112K
  class space    used 9226K, committed 9472K, reserved 1048576K
}
Event: 433120.932 GC heap before
{Heap before GC invocations=11935 (full 11389):
 garbage-first heap   total 211968K, used 62464K [0x00000000c0000000, 0x0000000100000000)
  region size 1024K, 1 young (1024K), 0 survivors (0K)
 Metaspace       used 70062K, committed 70592K, reserved 1114112K
  class space    used 9226K, committed 9472K, reserved 1048576K
}
Event: 433121.045 GC heap after
{Heap after GC invocations=11936 (full 11390):
 garbage-first heap   total 211968K, used 62464K [0x00000000c0000000, 0x0000000100000000)
  region size 1024K, 0 young (0K), 0 survivors (0K)
 Metaspace       used 70062K, committed 70592K, reserved 1114112K
  class space    used 9226K, committed 9472K, reserved 1048576K
}
Event: 433131.860 GC heap before
{Heap before GC invocations=11936 (full 11390):
 garbage-first heap   total 211968K, used 62464K [0x00000000c0000000, 0x0000000100000000)
  region size 1024K, 1 young (1024K), 0 survivors (0K)
 Metaspace       used 70062K, committed 70592K, reserved 1114112K
  class space    used 9226K, committed 9472K, reserved 1048576K
}
Event: 433132.065 GC heap after
{Heap after GC invocations=11937 (full 11391):
 garbage-first heap   total 211968K, used 62464K [0x00000000c0000000, 0x0000000100000000)
  region size 1024K, 0 young (0K), 0 survivors (0K)
 Metaspace       used 70062K, committed 70592K, reserved 1114112K
  class space    used 9226K, committed 9472K, reserved 1048576K
}
Event: 433142.445 GC heap before
{Heap before GC invocations=11937 (full 11391):
 garbage-first heap   total 211968K, used 62464K [0x00000000c0000000, 0x0000000100000000)
  region size 1024K, 1 young (1024K), 0 survivors (0K)
 Metaspace       used 70062K, committed 70592K, reserved 1114112K
  class space    used 9226K, committed 9472K, reserved 1048576K
}
Event: 433142.703 GC heap after
{Heap after GC invocations=11938 (full 11392):
 garbage-first heap   total 211968K, used 62464K [0x00000000c0000000, 0x0000000100000000)
  region size 1024K, 0 young (0K), 0 survivors (0K)
 Metaspace       used 70062K, committed 70592K, reserved 1114112K
  class space    used 9226K, committed 9472K, reserved 1048576K
}
Event: 433153.223 GC heap before
{Heap before GC invocations=11938 (full 11392):
 garbage-first heap   total 211968K, used 62464K [0x00000000c0000000, 0x0000000100000000)
  region size 1024K, 1 young (1024K), 0 survivors (0K)
 Metaspace       used 70062K, committed 70592K, reserved 1114112K
  class space    used 9226K, committed 9472K, reserved 1048576K
}
Event: 433153.399 GC heap after
{Heap after GC invocations=11939 (full 11393):
 garbage-first heap   total 211968K, used 62464K [0x00000000c0000000, 0x0000000100000000)
  region size 1024K, 0 young (0K), 0 survivors (0K)
 Metaspace       used 70062K, committed 70592K, reserved 1114112K
  class space    used 9226K, committed 9472K, reserved 1048576K
}
Event: 433163.752 GC heap before
{Heap before GC invocations=11939 (full 11393):
 garbage-first heap   total 211968K, used 62464K [0x00000000c0000000, 0x0000000100000000)
  region size 1024K, 1 young (1024K), 0 survivors (0K)
 Metaspace       used 70062K, committed 70592K, reserved 1114112K
  class space    used 9226K, committed 9472K, reserved 1048576K
}
Event: 433163.901 GC heap after
{Heap after GC invocations=11940 (full 11394):
 garbage-first heap   total 211968K, used 62464K [0x00000000c0000000, 0x0000000100000000)
  region size 1024K, 0 young (0K), 0 survivors (0K)
 Metaspace       used 70062K, committed 70592K, reserved 1114112K
  class space    used 9226K, committed 9472K, reserved 1048576K
}
Event: 445581.561 GC heap before
{Heap before GC invocations=11940 (full 11394):
 garbage-first heap   total 211968K, used 62464K [0x00000000c0000000, 0x0000000100000000)
  region size 1024K, 1 young (1024K), 0 survivors (0K)
 Metaspace       used 70062K, committed 70592K, reserved 1114112K
  class space    used 9226K, committed 9472K, reserved 1048576K
}
Event: 445582.392 GC heap after
{Heap after GC invocations=11941 (full 11395):
 garbage-first heap   total 211968K, used 62464K [0x00000000c0000000, 0x0000000100000000)
  region size 1024K, 0 young (0K), 0 survivors (0K)
 Metaspace       used 70062K, committed 70592K, reserved 1114112K
  class space    used 9226K, committed 9472K, reserved 1048576K
}

