# JRE version: OpenJDK Runtime Environment Temurin-17.0.7+7 (17.0.7+7) (build 17.0.7+7)
# Java VM: OpenJDK 64-Bit Server VM Temurin-17.0.7+7 (17.0.7+7, mixed mode, emulated-client, tiered, compressed oops, compressed class ptrs, g1 gc, windows-amd64)
GC Precious Log:
 CPUs: 8 total, 8 available
 Memory: 7863M
 Large Page Support: Disabled
 NUMA Support: Disabled
 Compressed Oops: Enabled (32-bit)
 Heap Region Size: 1M
 Heap Min Capacity: 8M
 Heap Initial Capacity: 124M
 Heap Max Capacity: 1G
 Pre-touch: Disabled
 Parallel Workers: 8
 Concurrent Workers: 2
 Concurrent Refinement Workers: 8
 Periodic GC: Disabled
Heap:
 garbage-first heap   total 423936K, used 113914K [0x00000000c0000000, 0x0000000100000000)
  region size 1024K, 17 young (17408K), 17 survivors (17408K)
 Metaspace       used 40935K, committed 41344K, reserved 1114112K
  class space    used 5150K, committed 5312K, reserved 1048576K
GC Heap History (20 events):
Event: 3.519 GC heap after
{Heap after GC invocations=17 (full 0):
 garbage-first heap   total 172032K, used 50259K [0x00000000c0000000, 0x0000000100000000)
  region size 1024K, 3 young (3072K), 3 survivors (3072K)
 Metaspace       used 40747K, committed 41152K, reserved 1114112K
  class space    used 5125K, committed 5312K, reserved 1048576K
}
Event: 3.848 GC heap before
{Heap before GC invocations=18 (full 0):
 garbage-first heap   total 172032K, used 122963K [0x00000000c0000000, 0x0000000100000000)
  region size 1024K, 73 young (74752K), 3 survivors (3072K)
 Metaspace       used 40750K, committed 41152K, reserved 1114112K
  class space    used 5127K, committed 5312K, reserved 1048576K
}
Event: 3.874 GC heap after
{Heap after GC invocations=19 (full 0):
 garbage-first heap   total 172032K, used 77903K [0x00000000c0000000, 0x0000000100000000)
  region size 1024K, 10 young (10240K), 10 survivors (10240K)
 Metaspace       used 40750K, committed 41152K, reserved 1114112K
  class space    used 5127K, committed 5312K, reserved 1048576K
}
Event: 3.878 GC heap before
{Heap before GC invocations=19 (full 0):
 garbage-first heap   total 172032K, used 77903K [0x00000000c0000000, 0x0000000100000000)
  region size 1024K, 11 young (11264K), 10 survivors (10240K)
 Metaspace       used 40820K, committed 41216K, reserved 1114112K
  class space    used 5134K, committed 5312K, reserved 1048576K
}
Event: 3.884 GC heap after
{Heap after GC invocations=20 (full 0):
 garbage-first heap   total 172032K, used 81050K [0x00000000c0000000, 0x0000000100000000)
  region size 1024K, 2 young (2048K), 2 survivors (2048K)
 Metaspace       used 40820K, committed 41216K, reserved 1114112K
  class space    used 5134K, committed 5312K, reserved 1048576K
}
Event: 3.907 GC heap before
{Heap before GC invocations=20 (full 0):
 garbage-first heap   total 172032K, used 118938K [0x00000000c0000000, 0x0000000100000000)
  region size 1024K, 40 young (40960K), 2 survivors (2048K)
 Metaspace       used 40853K, committed 41216K, reserved 1114112K
  class space    used 5143K, committed 5312K, reserved 1048576K
}
Event: 3.909 GC heap after
{Heap after GC invocations=21 (full 0):
 garbage-first heap   total 172032K, used 81368K [0x00000000c0000000, 0x0000000100000000)
  region size 1024K, 3 young (3072K), 3 survivors (3072K)
 Metaspace       used 40853K, committed 41216K, reserved 1114112K
  class space    used 5143K, committed 5312K, reserved 1048576K
}
Event: 3.924 GC heap before
{Heap before GC invocations=21 (full 0):
 garbage-first heap   total 172032K, used 123352K [0x00000000c0000000, 0x0000000100000000)
  region size 1024K, 45 young (46080K), 3 survivors (3072K)
 Metaspace       used 40935K, committed 41344K, reserved 1114112K
  class space    used 5149K, committed 5312K, reserved 1048576K
}
Event: 3.926 GC heap after
{Heap after GC invocations=22 (full 0):
 garbage-first heap   total 172032K, used 82949K [0x00000000c0000000, 0x0000000100000000)
  region size 1024K, 4 young (4096K), 4 survivors (4096K)
 Metaspace       used 40935K, committed 41344K, reserved 1114112K
  class space    used 5149K, committed 5312K, reserved 1048576K
}
Event: 3.941 GC heap before
{Heap before GC invocations=22 (full 0):
 garbage-first heap   total 172032K, used 128005K [0x00000000c0000000, 0x0000000100000000)
  region size 1024K, 49 young (50176K), 4 survivors (4096K)
 Metaspace       used 40935K, committed 41344K, reserved 1114112K
  class space    used 5149K, committed 5312K, reserved 1048576K
}
Event: 3.945 GC heap after
{Heap after GC invocations=23 (full 0):
 garbage-first heap   total 423936K, used 85020K [0x00000000c0000000, 0x0000000100000000)
  region size 1024K, 6 young (6144K), 6 survivors (6144K)
 Metaspace       used 40935K, committed 41344K, reserved 1114112K
  class space    used 5149K, committed 5312K, reserved 1048576K
}
Event: 4.080 GC heap before
{Heap before GC invocations=24 (full 0):
 garbage-first heap   total 382976K, used 232476K [0x00000000c0000000, 0x0000000100000000)
  region size 1024K, 152 young (155648K), 6 survivors (6144K)
 Metaspace       used 40935K, committed 41344K, reserved 1114112K
  class space    used 5149K, committed 5312K, reserved 1048576K
}
Event: 4.086 GC heap after
{Heap after GC invocations=25 (full 0):
 garbage-first heap   total 382976K, used 90129K [0x00000000c0000000, 0x0000000100000000)
  region size 1024K, 12 young (12288K), 12 survivors (12288K)
 Metaspace       used 40935K, committed 41344K, reserved 1114112K
  class space    used 5149K, committed 5312K, reserved 1048576K
}
Event: 4.089 GC heap before
{Heap before GC invocations=25 (full 0):
 garbage-first heap   total 382976K, used 95249K [0x00000000c0000000, 0x0000000100000000)
  region size 1024K, 18 young (18432K), 12 survivors (12288K)
 Metaspace       used 40935K, committed 41344K, reserved 1114112K
  class space    used 5149K, committed 5312K, reserved 1048576K
}
Event: 4.095 GC heap after
{Heap after GC invocations=26 (full 0):
 garbage-first heap   total 382976K, used 90026K [0x00000000c0000000, 0x0000000100000000)
  region size 1024K, 2 young (2048K), 2 survivors (2048K)
 Metaspace       used 40935K, committed 41344K, reserved 1114112K
  class space    used 5149K, committed 5312K, reserved 1048576K
}
Event: 4.173 GC heap before
{Heap before GC invocations=26 (full 0):
 garbage-first heap   total 382976K, used 290730K [0x00000000c0000000, 0x0000000100000000)
  region size 1024K, 199 young (203776K), 2 survivors (2048K)
 Metaspace       used 40935K, committed 41344K, reserved 1114112K
  class space    used 5149K, committed 5312K, reserved 1048576K
}
Event: 4.189 GC heap after
{Heap after GC invocations=27 (full 0):
 garbage-first heap   total 382976K, used 97126K [0x00000000c0000000, 0x0000000100000000)
  region size 1024K, 9 young (9216K), 9 survivors (9216K)
 Metaspace       used 40935K, committed 41344K, reserved 1114112K
  class space    used 5149K, committed 5312K, reserved 1048576K
}
Event: 4.250 GC heap before
{Heap before GC invocations=27 (full 0):
 garbage-first heap   total 382976K, used 297830K [0x00000000c0000000, 0x0000000100000000)
  region size 1024K, 206 young (210944K), 9 survivors (9216K)
 Metaspace       used 40935K, committed 41344K, reserved 1114112K
  class space    used 5150K, committed 5312K, reserved 1048576K
}
Event: 4.256 GC heap after
{Heap after GC invocations=28 (full 0):
 garbage-first heap   total 382976K, used 105005K [0x00000000c0000000, 0x0000000100000000)
  region size 1024K, 17 young (17408K), 17 survivors (17408K)
 Metaspace       used 40935K, committed 41344K, reserved 1114112K
  class space    used 5150K, committed 5312K, reserved 1048576K
}
Event: 4.322 GC heap before
{Heap before GC invocations=28 (full 0):
 garbage-first heap   total 382976K, used 304685K [0x00000000c0000000, 0x0000000100000000)
  region size 1024K, 213 young (218112K), 17 survivors (17408K)
 Metaspace       used 40935K, committed 41344K, reserved 1114112K
  class space    used 5150K, committed 5312K, reserved 1048576K
}

